<?xml version="1.0" encoding="UTF-8"?>
<!-- Generated by org.testng.reporters.JUnitReportReporter -->
<testsuite skipped="0" hostname="DESKTOP-7SE6TTL" name="Automate_Test.TestCase01" tests="1" failures="0" timestamp="22 May 2021 18:36:57 GMT" time="0.015" errors="0">
  <testcase name="open" time="0.015" classname="Automate_Test.TestCase01"/>
</testsuite> <!-- Automate_Test.TestCase01 -->
